set -o pipefail; /usr/bin/mariadb-dump --user=_adb307adc79f2c79 --host=127.0.0.1 --port=3306 --password=********** --single-transaction --quick --lock-tables=false _adb307adc79f2c79 | /usr/bin/gzip >> ./internship.localhost/private/backups/20250523_120006-internship_localhost-database.sql.gz

Backup Summary for internship.localhost at 2025-05-23 12:00:07.839638
Config  : /home/ash/internship_app/sites/internship.localhost/private/backups/20250523_120006-internship_localhost-site_config_backup.json 127.0B
Database: /home/ash/internship_app/sites/internship.localhost/private/backups/20250523_120006-internship_localhost-database.sql.gz 229.9KiB
Backup for Site internship.localhost has been successfully completed
set -o pipefail; /usr/bin/mariadb-dump --user=_adb307adc79f2c79 --host=127.0.0.1 --port=3306 --password=********** --single-transaction --quick --lock-tables=false _adb307adc79f2c79 | /usr/bin/gzip >> ./internship.localhost/private/backups/20250524_120003-internship_localhost-database.sql.gz

Backup Summary for internship.localhost at 2025-05-24 12:00:05.519425
Config  : /home/ash/internship_app/sites/internship.localhost/private/backups/20250524_120003-internship_localhost-site_config_backup.json 127.0B
Database: /home/ash/internship_app/sites/internship.localhost/private/backups/20250524_120003-internship_localhost-database.sql.gz 316.4KiB
Backup for Site internship.localhost has been successfully completed
set -o pipefail; /usr/bin/mariadb-dump --user=_adb307adc79f2c79 --host=127.0.0.1 --port=3306 --password=********** --single-transaction --quick --lock-tables=false _adb307adc79f2c79 | /usr/bin/gzip >> ./internship.localhost/private/backups/20250524_180003-internship_localhost-database.sql.gz

Backup Summary for internship.localhost at 2025-05-24 18:00:05.078895
Config  : /home/ash/internship_app/sites/internship.localhost/private/backups/20250524_180003-internship_localhost-site_config_backup.json 127.0B
Database: /home/ash/internship_app/sites/internship.localhost/private/backups/20250524_180003-internship_localhost-database.sql.gz 358.8KiB
Backup for Site internship.localhost has been successfully completed
set -o pipefail; /usr/bin/mariadb-dump --user=_adb307adc79f2c79 --host=127.0.0.1 --port=3306 --password=********** --single-transaction --quick --lock-tables=false _adb307adc79f2c79 | /usr/bin/gzip >> ./internship.localhost/private/backups/20250526_120005-internship_localhost-database.sql.gz

Backup Summary for internship.localhost at 2025-05-26 12:00:10.486473
Config  : /home/ash/internship_app/sites/internship.localhost/private/backups/20250526_120005-internship_localhost-site_config_backup.json 127.0B
Database: /home/ash/internship_app/sites/internship.localhost/private/backups/20250526_120005-internship_localhost-database.sql.gz 387.5KiB
Backup for Site internship.localhost has been successfully completed
set -o pipefail; /usr/bin/mariadb-dump --user=_adb307adc79f2c79 --host=127.0.0.1 --port=3306 --password=********** --single-transaction --quick --lock-tables=false _adb307adc79f2c79 | /usr/bin/gzip >> ./internship.localhost/private/backups/20250527_120003-internship_localhost-database.sql.gz

Backup Summary for internship.localhost at 2025-05-27 12:00:07.976590
Config  : /home/ash/internship_app/sites/internship.localhost/private/backups/20250527_120003-internship_localhost-site_config_backup.json 191.0B
Database: /home/ash/internship_app/sites/internship.localhost/private/backups/20250527_120003-internship_localhost-database.sql.gz 981.9KiB
Backup for Site internship.localhost has been successfully completed
set -o pipefail; /usr/bin/mariadb-dump --user=_adb307adc79f2c79 --host=127.0.0.1 --port=3306 --password=********** --single-transaction --quick --lock-tables=false _adb307adc79f2c79 | /usr/bin/gzip >> ./internship.localhost/private/backups/20250527_180003-internship_localhost-database.sql.gz

Backup Summary for internship.localhost at 2025-05-27 18:00:09.634317
Config  : /home/ash/internship_app/sites/internship.localhost/private/backups/20250527_180003-internship_localhost-site_config_backup.json 191.0B
Database: /home/ash/internship_app/sites/internship.localhost/private/backups/20250527_180003-internship_localhost-database.sql.gz 1022.5KiB
Backup for Site internship.localhost has been successfully completed
set -o pipefail; /usr/bin/mariadb-dump --user=_adb307adc79f2c79 --host=127.0.0.1 --port=3306 --password=********** --single-transaction --quick --lock-tables=false _adb307adc79f2c79 | /usr/bin/gzip >> ./internship.localhost/private/backups/20250528_120004-internship_localhost-database.sql.gz

Backup Summary for internship.localhost at 2025-05-28 12:00:11.198200
Config  : /home/ash/internship_app/sites/internship.localhost/private/backups/20250528_120004-internship_localhost-site_config_backup.json 191.0B
Database: /home/ash/internship_app/sites/internship.localhost/private/backups/20250528_120004-internship_localhost-database.sql.gz 1.0MiB
Backup for Site internship.localhost has been successfully completed
set -o pipefail; /usr/bin/mariadb-dump --user=_adb307adc79f2c79 --host=127.0.0.1 --port=3306 --password=********** --single-transaction --quick --lock-tables=false _adb307adc79f2c79 | /usr/bin/gzip >> ./internship.localhost/private/backups/20250529_120003-internship_localhost-database.sql.gz

Backup Summary for internship.localhost at 2025-05-29 12:00:09.145530
Config  : /home/ash/internship_app/sites/internship.localhost/private/backups/20250529_120003-internship_localhost-site_config_backup.json 191.0B
Database: /home/ash/internship_app/sites/internship.localhost/private/backups/20250529_120003-internship_localhost-database.sql.gz 1.0MiB
Backup for Site internship.localhost has been successfully completed
set -o pipefail; /usr/bin/mariadb-dump --user=_adb307adc79f2c79 --host=127.0.0.1 --port=3306 --password=********** --single-transaction --quick --lock-tables=false _adb307adc79f2c79 | /usr/bin/gzip >> ./internship.localhost/private/backups/20250530_120006-internship_localhost-database.sql.gz

Backup Summary for internship.localhost at 2025-05-30 12:00:12.577732
Config  : /home/ash/internship_app/sites/internship.localhost/private/backups/20250530_120006-internship_localhost-site_config_backup.json 191.0B
Database: /home/ash/internship_app/sites/internship.localhost/private/backups/20250530_120006-internship_localhost-database.sql.gz 1.0MiB
Backup for Site internship.localhost has been successfully completed
set -o pipefail; /usr/bin/mariadb-dump --user=_adb307adc79f2c79 --host=127.0.0.1 --port=3306 --password=********** --single-transaction --quick --lock-tables=false _adb307adc79f2c79 | /usr/bin/gzip >> ./internship.localhost/private/backups/20250610_120003-internship_localhost-database.sql.gz

Backup Summary for internship.localhost at 2025-06-10 12:00:09.854390
Config  : /home/ash/internship_app/sites/internship.localhost/private/backups/20250610_120003-internship_localhost-site_config_backup.json 191.0B
Database: /home/ash/internship_app/sites/internship.localhost/private/backups/20250610_120003-internship_localhost-database.sql.gz 1.1MiB
Backup for Site internship.localhost has been successfully completed
set -o pipefail; /usr/bin/mariadb-dump --user=_adb307adc79f2c79 --host=127.0.0.1 --port=3306 --password=********** --single-transaction --quick --lock-tables=false _adb307adc79f2c79 | /usr/bin/gzip >> ./internship.localhost/private/backups/20250612_120003-internship_localhost-database.sql.gz

Backup Summary for internship.localhost at 2025-06-12 12:00:09.014639
Config  : /home/ash/internship_app/sites/internship.localhost/private/backups/20250612_120003-internship_localhost-site_config_backup.json 191.0B
Database: /home/ash/internship_app/sites/internship.localhost/private/backups/20250612_120003-internship_localhost-database.sql.gz 1.0MiB
Backup for Site internship.localhost has been successfully completed
set -o pipefail; /usr/bin/mariadb-dump --user=_adb307adc79f2c79 --host=127.0.0.1 --port=3306 --password=********** --single-transaction --quick --lock-tables=false _adb307adc79f2c79 | /usr/bin/gzip >> ./internship.localhost/private/backups/20250613_000003-internship_localhost-database.sql.gz

Backup Summary for internship.localhost at 2025-06-13 00:00:09.763409
Config  : /home/ash/internship_app/sites/internship.localhost/private/backups/20250613_000003-internship_localhost-site_config_backup.json 191.0B
Database: /home/ash/internship_app/sites/internship.localhost/private/backups/20250613_000003-internship_localhost-database.sql.gz 1.0MiB
Backup for Site internship.localhost has been successfully completed
set -o pipefail; /usr/bin/mariadb-dump --user=_adb307adc79f2c79 --host=127.0.0.1 --port=3306 --password=********** --single-transaction --quick --lock-tables=false _adb307adc79f2c79 | /usr/bin/gzip >> ./internship.localhost/private/backups/20250613_120003-internship_localhost-database.sql.gz

Backup Summary for internship.localhost at 2025-06-13 12:00:08.676209
Config  : /home/ash/internship_app/sites/internship.localhost/private/backups/20250613_120003-internship_localhost-site_config_backup.json 191.0B
Database: /home/ash/internship_app/sites/internship.localhost/private/backups/20250613_120003-internship_localhost-database.sql.gz 1.0MiB
Backup for Site internship.localhost has been successfully completed
set -o pipefail; /usr/bin/mariadb-dump --user=_adb307adc79f2c79 --host=127.0.0.1 --port=3306 --password=********** --single-transaction --quick --lock-tables=false _adb307adc79f2c79 | /usr/bin/gzip >> ./internship.localhost/private/backups/20250615_120006-internship_localhost-database.sql.gz

Backup Summary for internship.localhost at 2025-06-15 12:00:12.640907
Config  : /home/ash/internship_app/sites/internship.localhost/private/backups/20250615_120006-internship_localhost-site_config_backup.json 191.0B
Database: /home/ash/internship_app/sites/internship.localhost/private/backups/20250615_120006-internship_localhost-database.sql.gz 1.0MiB
Backup for Site internship.localhost has been successfully completed
set -o pipefail; /usr/bin/mariadb-dump --user=_adb307adc79f2c79 --host=127.0.0.1 --port=3306 --password=********** --single-transaction --quick --lock-tables=false _adb307adc79f2c79 | /usr/bin/gzip >> ./internship.localhost/private/backups/20250616_120005-internship_localhost-database.sql.gz

Backup Summary for internship.localhost at 2025-06-16 12:00:13.011832
Config  : /home/ash/internship_app/sites/internship.localhost/private/backups/20250616_120005-internship_localhost-site_config_backup.json 191.0B
Database: /home/ash/internship_app/sites/internship.localhost/private/backups/20250616_120005-internship_localhost-database.sql.gz 1.0MiB
Backup for Site internship.localhost has been successfully completed
set -o pipefail; /usr/bin/mariadb-dump --user=_adb307adc79f2c79 --host=127.0.0.1 --port=3306 --password=********** --single-transaction --quick --lock-tables=false _adb307adc79f2c79 | /usr/bin/gzip >> ./internship.localhost/private/backups/20250617_120007-internship_localhost-database.sql.gz

Backup Summary for internship.localhost at 2025-06-17 12:00:12.919555
Config  : /home/ash/internship_app/sites/internship.localhost/private/backups/20250617_120007-internship_localhost-site_config_backup.json 191.0B
Database: /home/ash/internship_app/sites/internship.localhost/private/backups/20250617_120007-internship_localhost-database.sql.gz 1.0MiB
Backup for Site internship.localhost has been successfully completed
set -o pipefail; /usr/bin/mariadb-dump --user=_adb307adc79f2c79 --host=127.0.0.1 --port=3306 --password=********** --single-transaction --quick --lock-tables=false _adb307adc79f2c79 | /usr/bin/gzip >> ./internship.localhost/private/backups/20250619_120006-internship_localhost-database.sql.gz

Backup Summary for internship.localhost at 2025-06-19 12:00:14.021859
Config  : /home/ash/internship_app/sites/internship.localhost/private/backups/20250619_120006-internship_localhost-site_config_backup.json 191.0B
Database: /home/ash/internship_app/sites/internship.localhost/private/backups/20250619_120006-internship_localhost-database.sql.gz 1.0MiB
Backup for Site internship.localhost has been successfully completed
set -o pipefail; /usr/bin/mariadb-dump --user=_adb307adc79f2c79 --host=127.0.0.1 --port=3306 --password=********** --single-transaction --quick --lock-tables=false _adb307adc79f2c79 | /usr/bin/gzip >> ./internship.localhost/private/backups/20250620_120004-internship_localhost-database.sql.gz

Backup Summary for internship.localhost at 2025-06-20 12:00:10.442933
Config  : /home/ash/internship_app/sites/internship.localhost/private/backups/20250620_120004-internship_localhost-site_config_backup.json 191.0B
Database: /home/ash/internship_app/sites/internship.localhost/private/backups/20250620_120004-internship_localhost-database.sql.gz 1.0MiB
Backup for Site internship.localhost has been successfully completed
set -o pipefail; /usr/bin/mariadb-dump --user=_adb307adc79f2c79 --host=127.0.0.1 --port=3306 --password=********** --single-transaction --quick --lock-tables=false _adb307adc79f2c79 | /usr/bin/gzip >> ./internship.localhost/private/backups/20250622_120007-internship_localhost-database.sql.gz

Backup Summary for internship.localhost at 2025-06-22 12:00:14.667893
Config  : /home/ash/internship_app/sites/internship.localhost/private/backups/20250622_120007-internship_localhost-site_config_backup.json 191.0B
Database: /home/ash/internship_app/sites/internship.localhost/private/backups/20250622_120007-internship_localhost-database.sql.gz 1.0MiB
Backup for Site internship.localhost has been successfully completed
set -o pipefail; /usr/bin/mariadb-dump --user=_adb307adc79f2c79 --host=127.0.0.1 --port=3306 --password=********** --single-transaction --quick --lock-tables=false _adb307adc79f2c79 | /usr/bin/gzip >> ./internship.localhost/private/backups/20250623_000010-internship_localhost-database.sql.gz

Backup Summary for internship.localhost at 2025-06-23 00:00:15.631586
Config  : /home/ash/internship_app/sites/internship.localhost/private/backups/20250623_000010-internship_localhost-site_config_backup.json 191.0B
Database: /home/ash/internship_app/sites/internship.localhost/private/backups/20250623_000010-internship_localhost-database.sql.gz 1.0MiB
Backup for Site internship.localhost has been successfully completed
set -o pipefail; /usr/bin/mariadb-dump --user=_adb307adc79f2c79 --host=127.0.0.1 --port=3306 --password=********** --single-transaction --quick --lock-tables=false _adb307adc79f2c79 | /usr/bin/gzip >> ./internship.localhost/private/backups/20250623_060009-internship_localhost-database.sql.gz

Backup Summary for internship.localhost at 2025-06-23 06:00:13.957483
Config  : /home/ash/internship_app/sites/internship.localhost/private/backups/20250623_060009-internship_localhost-site_config_backup.json 191.0B
Database: /home/ash/internship_app/sites/internship.localhost/private/backups/20250623_060009-internship_localhost-database.sql.gz 1.0MiB
Backup for Site internship.localhost has been successfully completed
set -o pipefail; /usr/bin/mariadb-dump --user=_adb307adc79f2c79 --host=127.0.0.1 --port=3306 --password=********** --single-transaction --quick --lock-tables=false _adb307adc79f2c79 | /usr/bin/gzip >> ./internship.localhost/private/backups/20250623_120005-internship_localhost-database.sql.gz

Backup Summary for internship.localhost at 2025-06-23 12:00:11.247986
Config  : /home/ash/internship_app/sites/internship.localhost/private/backups/20250623_120005-internship_localhost-site_config_backup.json 191.0B
Database: /home/ash/internship_app/sites/internship.localhost/private/backups/20250623_120005-internship_localhost-database.sql.gz 1.0MiB
Backup for Site internship.localhost has been successfully completed
set -o pipefail; /usr/bin/mariadb-dump --user=_adb307adc79f2c79 --host=127.0.0.1 --port=3306 --password=********** --single-transaction --quick --lock-tables=false _adb307adc79f2c79 | /usr/bin/gzip >> ./internship.localhost/private/backups/20250623_180007-internship_localhost-database.sql.gz

Backup Summary for internship.localhost at 2025-06-23 18:00:14.876712
Config  : /home/ash/internship_app/sites/internship.localhost/private/backups/20250623_180007-internship_localhost-site_config_backup.json 191.0B
Database: /home/ash/internship_app/sites/internship.localhost/private/backups/20250623_180007-internship_localhost-database.sql.gz 1.0MiB
Backup for Site internship.localhost has been successfully completed
set -o pipefail; /usr/bin/mariadb-dump --user=_adb307adc79f2c79 --host=127.0.0.1 --port=3306 --password=********** --single-transaction --quick --lock-tables=false _adb307adc79f2c79 | /usr/bin/gzip >> ./internship.localhost/private/backups/20250624_120008-internship_localhost-database.sql.gz

Backup Summary for internship.localhost at 2025-06-24 12:00:16.635741
Config  : /home/ash/internship_app/sites/internship.localhost/private/backups/20250624_120008-internship_localhost-site_config_backup.json 191.0B
Database: /home/ash/internship_app/sites/internship.localhost/private/backups/20250624_120008-internship_localhost-database.sql.gz 1.0MiB
Backup for Site internship.localhost has been successfully completed
set -o pipefail; /usr/bin/mariadb-dump --user=_adb307adc79f2c79 --host=127.0.0.1 --port=3306 --password=********** --single-transaction --quick --lock-tables=false _adb307adc79f2c79 | /usr/bin/gzip >> ./internship.localhost/private/backups/20250627_120009-internship_localhost-database.sql.gz

Backup Summary for internship.localhost at 2025-06-27 12:00:23.312175
Config  : /home/ash/internship_app/sites/internship.localhost/private/backups/20250627_120009-internship_localhost-site_config_backup.json 191.0B
Database: /home/ash/internship_app/sites/internship.localhost/private/backups/20250627_120009-internship_localhost-database.sql.gz 1.0MiB
Backup for Site internship.localhost has been successfully completed
set -o pipefail; /usr/bin/mariadb-dump --user=_adb307adc79f2c79 --host=127.0.0.1 --port=3306 --password=********** --single-transaction --quick --lock-tables=false _adb307adc79f2c79 | /usr/bin/gzip >> ./internship.localhost/private/backups/20250708_120009-internship_localhost-database.sql.gz

Backup Summary for internship.localhost at 2025-07-08 12:00:14.630443
Config  : /home/ash/internship_app/sites/internship.localhost/private/backups/20250708_120009-internship_localhost-site_config_backup.json 191.0B
Database: /home/ash/internship_app/sites/internship.localhost/private/backups/20250708_120009-internship_localhost-database.sql.gz 1.0MiB
Backup for Site internship.localhost has been successfully completed
set -o pipefail; /usr/bin/mariadb-dump --user=_adb307adc79f2c79 --host=127.0.0.1 --port=3306 --password=********** --single-transaction --quick --lock-tables=false _adb307adc79f2c79 | /usr/bin/gzip >> ./internship.localhost/private/backups/20250709_120006-internship_localhost-database.sql.gz

Backup Summary for internship.localhost at 2025-07-09 12:00:13.285176
Config  : /home/ash/internship_app/sites/internship.localhost/private/backups/20250709_120006-internship_localhost-site_config_backup.json 191.0B
Database: /home/ash/internship_app/sites/internship.localhost/private/backups/20250709_120006-internship_localhost-database.sql.gz 1.0MiB
Backup for Site internship.localhost has been successfully completed
set -o pipefail; /usr/bin/mariadb-dump --user=_adb307adc79f2c79 --host=127.0.0.1 --port=3306 --password=********** --single-transaction --quick --lock-tables=false _adb307adc79f2c79 | /usr/bin/gzip >> ./internship.localhost/private/backups/20250711_120004-internship_localhost-database.sql.gz

Backup Summary for internship.localhost at 2025-07-11 12:00:14.263696
Config  : /home/ash/internship_app/sites/internship.localhost/private/backups/20250711_120004-internship_localhost-site_config_backup.json 191.0B
Database: /home/ash/internship_app/sites/internship.localhost/private/backups/20250711_120004-internship_localhost-database.sql.gz 1.0MiB
Backup for Site internship.localhost has been successfully completed
