2025-05-27 08:57:22,034 WARNING database DDL Query made to DB:
create table `tabStudent Group Creation Tool Course` (
			name varchar(140) primary key,
			creation datetime(6),
			modified datetime(6),
			modified_by varchar(140),
			owner varchar(140),
			docstatus tinyint not null default '0',
			idx int not null default '0',
			`group_based_on` varchar(140),
`course` varchar(140),
`batch` varchar(140),
`student_group_name` varchar(140),
`course_code` varchar(140),
`max_strength` int NOT NULL DEFAULT 0,
parent varchar(140),
parentfield varchar(140),
parenttype varchar(140),
index parent(parent))
			ENGINE=InnoDB
			ROW_FORMAT=DYNAMIC
			CHARACTER SET=utf8mb4
			COLLATE=utf8mb4_unicode_ci
2025-05-27 08:57:22,157 WARNING database DDL Query made to DB:
create table `tabGuardian Student` (
			name varchar(140) primary key,
			creation datetime(6),
			modified datetime(6),
			modified_by varchar(140),
			owner varchar(140),
			docstatus tinyint not null default '0',
			idx int not null default '0',
			`student` varchar(140),
`student_name` varchar(140),
parent varchar(140),
parentfield varchar(140),
parenttype varchar(140),
index parent(parent))
			ENGINE=InnoDB
			ROW_FORMAT=DYNAMIC
			CHARACTER SET=utf8mb4
			COLLATE=utf8mb4_unicode_ci
2025-05-27 08:57:22,287 WARNING database DDL Query made to DB:
create table `tabFee Schedule Student Group` (
			name varchar(140) primary key,
			creation datetime(6),
			modified datetime(6),
			modified_by varchar(140),
			owner varchar(140),
			docstatus tinyint not null default '0',
			idx int not null default '0',
			`student_group` varchar(140),
`total_students` varchar(140),
parent varchar(140),
parentfield varchar(140),
parenttype varchar(140),
index parent(parent))
			ENGINE=InnoDB
			ROW_FORMAT=DYNAMIC
			CHARACTER SET=utf8mb4
			COLLATE=utf8mb4_unicode_ci
2025-05-27 08:57:22,493 WARNING database DDL Query made to DB:
create table `tabStudent Attendance` (
			name varchar(140) primary key,
			creation datetime(6),
			modified datetime(6),
			modified_by varchar(140),
			owner varchar(140),
			docstatus tinyint not null default '0',
			idx int not null default '0',
			`naming_series` varchar(140),
`student` varchar(140),
`student_name` varchar(140),
`student_mobile_number` varchar(140),
`course_schedule` varchar(140),
`student_group` varchar(140),
`date` date,
`status` varchar(140) DEFAULT 'Present',
`leave_application` varchar(140),
`amended_from` varchar(140),
`link_nvfk` varchar(140),
`_user_tags` text,
`_comments` text,
`_assign` text,
`_liked_by` text,
index `student`(`student`),
index `date`(`date`),
index creation(creation),
index modified(modified))
			ENGINE=InnoDB
			ROW_FORMAT=DYNAMIC
			CHARACTER SET=utf8mb4
			COLLATE=utf8mb4_unicode_ci
2025-05-27 08:57:22,691 WARNING database DDL Query made to DB:
create table `tabProgram` (
			name varchar(140) primary key,
			creation datetime(6),
			modified datetime(6),
			modified_by varchar(140),
			owner varchar(140),
			docstatus tinyint not null default '0',
			idx int not null default '0',
			`program_name` varchar(140) UNIQUE,
`department` varchar(140),
`hero_image` text,
`program_abbreviation` varchar(140),
`_user_tags` text,
`_comments` text,
`_assign` text,
`_liked_by` text,
index creation(creation),
index modified(modified))
			ENGINE=InnoDB
			ROW_FORMAT=DYNAMIC
			CHARACTER SET=utf8mb4
			COLLATE=utf8mb4_unicode_ci
2025-05-27 08:57:22,926 WARNING database DDL Query made to DB:
create table `tabFee Structure` (
			name varchar(140) primary key,
			creation datetime(6),
			modified datetime(6),
			modified_by varchar(140),
			owner varchar(140),
			docstatus tinyint not null default '0',
			idx int not null default '0',
			`naming_series` varchar(140),
`program` varchar(140),
`student_category` varchar(140),
`academic_year` varchar(140),
`academic_term` varchar(140),
`total_amount` decimal(21,9) NOT NULL DEFAULT 0.0,
`receivable_account` varchar(140),
`company` varchar(140),
`amended_from` varchar(140),
`cost_center` varchar(140),
`_user_tags` text,
`_comments` text,
`_assign` text,
`_liked_by` text,
index `program`(`program`),
index `academic_term`(`academic_term`),
index creation(creation),
index modified(modified))
			ENGINE=InnoDB
			ROW_FORMAT=DYNAMIC
			CHARACTER SET=utf8mb4
			COLLATE=utf8mb4_unicode_ci
2025-05-27 08:57:23,213 WARNING database DDL Query made to DB:
create table `tabGrading Scale` (
			name varchar(140) primary key,
			creation datetime(6),
			modified datetime(6),
			modified_by varchar(140),
			owner varchar(140),
			docstatus tinyint not null default '0',
			idx int not null default '0',
			`grading_scale_name` varchar(140) UNIQUE,
`amended_from` varchar(140),
`description` text,
`_user_tags` text,
`_comments` text,
`_assign` text,
`_liked_by` text,
index creation(creation),
index modified(modified))
			ENGINE=InnoDB
			ROW_FORMAT=DYNAMIC
			CHARACTER SET=utf8mb4
			COLLATE=utf8mb4_unicode_ci
2025-05-27 08:57:23,341 WARNING database DDL Query made to DB:
create table `tabFee Schedule Details` (
			name varchar(140) primary key,
			creation datetime(6),
			modified datetime(6),
			modified_by varchar(140),
			owner varchar(140),
			docstatus tinyint not null default '0',
			idx int not null default '0',
			`month` varchar(140),
`due_date` date,
`amount` decimal(21,9) NOT NULL DEFAULT 0.0,
parent varchar(140),
parentfield varchar(140),
parenttype varchar(140),
index parent(parent))
			ENGINE=InnoDB
			ROW_FORMAT=DYNAMIC
			CHARACTER SET=utf8mb4
			COLLATE=utf8mb4_unicode_ci
2025-05-27 08:57:23,457 WARNING database DDL Query made to DB:
create table `tabAssessment Criteria Group` (
			name varchar(140) primary key,
			creation datetime(6),
			modified datetime(6),
			modified_by varchar(140),
			owner varchar(140),
			docstatus tinyint not null default '0',
			idx int not null default '0',
			`assessment_criteria_group` varchar(140),
`_user_tags` text,
`_comments` text,
`_assign` text,
`_liked_by` text,
index creation(creation),
index modified(modified))
			ENGINE=InnoDB
			ROW_FORMAT=DYNAMIC
			CHARACTER SET=utf8mb4
			COLLATE=utf8mb4_unicode_ci
2025-05-27 08:57:23,739 WARNING database DDL Query made to DB:
create table `tabStudent` (
			name varchar(140) primary key,
			creation datetime(6),
			modified datetime(6),
			modified_by varchar(140),
			owner varchar(140),
			docstatus tinyint not null default '0',
			idx int not null default '0',
			`enabled` tinyint NOT NULL DEFAULT 1,
`first_name` varchar(140),
`middle_name` varchar(140),
`last_name` varchar(140),
`naming_series` varchar(140),
`joining_date` date,
`user` varchar(140),
`student_applicant` varchar(140),
`image` text,
`student_email_id` varchar(140) UNIQUE,
`date_of_birth` date,
`blood_group` varchar(140),
`student_mobile_number` varchar(140),
`gender` varchar(140),
`nationality` varchar(140),
`address_line_1` varchar(140),
`address_line_2` varchar(140),
`pincode` varchar(140),
`city` varchar(140),
`state` varchar(140),
`country` varchar(140),
`customer` varchar(140),
`customer_group` varchar(140),
`date_of_leaving` date,
`leaving_certificate_number` varchar(140),
`reason_for_leaving` text,
`student_name` varchar(140),
`_user_tags` text,
`_comments` text,
`_assign` text,
`_liked_by` text,
index creation(creation),
index modified(modified))
			ENGINE=InnoDB
			ROW_FORMAT=DYNAMIC
			CHARACTER SET=utf8mb4
			COLLATE=utf8mb4_unicode_ci
2025-05-27 08:57:23,900 WARNING database DDL Query made to DB:
create table `tabAssessment Criteria` (
			name varchar(140) primary key,
			creation datetime(6),
			modified datetime(6),
			modified_by varchar(140),
			owner varchar(140),
			docstatus tinyint not null default '0',
			idx int not null default '0',
			`assessment_criteria` varchar(140),
`assessment_criteria_group` varchar(140),
`_user_tags` text,
`_comments` text,
`_assign` text,
`_liked_by` text,
index creation(creation),
index modified(modified))
			ENGINE=InnoDB
			ROW_FORMAT=DYNAMIC
			CHARACTER SET=utf8mb4
			COLLATE=utf8mb4_unicode_ci
2025-05-27 08:57:24,015 WARNING database DDL Query made to DB:
create table `tabOptions` (
			name varchar(140) primary key,
			creation datetime(6),
			modified datetime(6),
			modified_by varchar(140),
			owner varchar(140),
			docstatus tinyint not null default '0',
			idx int not null default '0',
			`option` text,
`is_correct` tinyint NOT NULL DEFAULT 0,
parent varchar(140),
parentfield varchar(140),
parenttype varchar(140),
index parent(parent))
			ENGINE=InnoDB
			ROW_FORMAT=DYNAMIC
			CHARACTER SET=utf8mb4
			COLLATE=utf8mb4_unicode_ci
2025-05-27 08:57:24,159 WARNING database DDL Query made to DB:
create table `tabStudent Sibling` (
			name varchar(140) primary key,
			creation datetime(6),
			modified datetime(6),
			modified_by varchar(140),
			owner varchar(140),
			docstatus tinyint not null default '0',
			idx int not null default '0',
			`studying_in_same_institute` varchar(140),
`full_name` varchar(140),
`gender` varchar(140),
`student` varchar(140),
`institution` varchar(140),
`program` varchar(140),
`date_of_birth` date,
parent varchar(140),
parentfield varchar(140),
parenttype varchar(140),
index parent(parent))
			ENGINE=InnoDB
			ROW_FORMAT=DYNAMIC
			CHARACTER SET=utf8mb4
			COLLATE=utf8mb4_unicode_ci
2025-05-27 08:57:24,271 WARNING database DDL Query made to DB:
create table `tabStudent Siblings` (
			name varchar(140) primary key,
			creation datetime(6),
			modified datetime(6),
			modified_by varchar(140),
			owner varchar(140),
			docstatus tinyint not null default '0',
			idx int not null default '0',
			`name1` varchar(140),
`gender` varchar(140),
`date_of_birth` date,
parent varchar(140),
parentfield varchar(140),
parenttype varchar(140),
index parent(parent))
			ENGINE=InnoDB
			ROW_FORMAT=DYNAMIC
			CHARACTER SET=utf8mb4
			COLLATE=utf8mb4_unicode_ci
2025-05-27 08:57:24,448 WARNING database DDL Query made to DB:
create table `tabProgram Enrollment Fee` (
			name varchar(140) primary key,
			creation datetime(6),
			modified datetime(6),
			modified_by varchar(140),
			owner varchar(140),
			docstatus tinyint not null default '0',
			idx int not null default '0',
			`academic_term` varchar(140),
`fee_structure` varchar(140),
`due_date` date,
`amount` decimal(21,9) NOT NULL DEFAULT 0.0,
parent varchar(140),
parentfield varchar(140),
parenttype varchar(140),
index parent(parent))
			ENGINE=InnoDB
			ROW_FORMAT=DYNAMIC
			CHARACTER SET=utf8mb4
			COLLATE=utf8mb4_unicode_ci
2025-05-27 08:57:24,580 WARNING database DDL Query made to DB:
create table `tabStudent Language` (
			name varchar(140) primary key,
			creation datetime(6),
			modified datetime(6),
			modified_by varchar(140),
			owner varchar(140),
			docstatus tinyint not null default '0',
			idx int not null default '0',
			`language_name` varchar(140) UNIQUE,
`_user_tags` text,
`_comments` text,
`_assign` text,
`_liked_by` text,
index creation(creation),
index modified(modified))
			ENGINE=InnoDB
			ROW_FORMAT=DYNAMIC
			CHARACTER SET=utf8mb4
			COLLATE=utf8mb4_unicode_ci
2025-05-27 08:57:24,724 WARNING database DDL Query made to DB:
create table `tabStudent Admission` (
			name varchar(140) primary key,
			creation datetime(6),
			modified datetime(6),
			modified_by varchar(140),
			owner varchar(140),
			docstatus tinyint not null default '0',
			idx int not null default '0',
			`title` varchar(140),
`route` varchar(140) UNIQUE,
`published` tinyint NOT NULL DEFAULT 0,
`enable_admission_application` tinyint NOT NULL DEFAULT 0,
`academic_year` varchar(140),
`admission_start_date` date,
`admission_end_date` date,
`introduction` longtext,
`_user_tags` text,
`_comments` text,
`_assign` text,
`_liked_by` text,
index creation(creation),
index modified(modified))
			ENGINE=InnoDB
			ROW_FORMAT=DYNAMIC
			CHARACTER SET=utf8mb4
			COLLATE=utf8mb4_unicode_ci
2025-05-27 08:57:24,977 WARNING database DDL Query made to DB:
create table `tabPayment Record` (
			name varchar(140) primary key,
			creation datetime(6),
			modified datetime(6),
			modified_by varchar(140),
			owner varchar(140),
			docstatus tinyint not null default '0',
			idx int not null default '0',
			`student` varchar(140),
`mobile` varchar(140),
`email` varchar(140),
`status` varchar(140),
`against_invoice` varchar(140),
`order_id` varchar(140),
`payment_id` varchar(140),
`signature` varchar(140),
`failure_description` text,
`amount` decimal(21,9) NOT NULL DEFAULT 0.0,
`currency` varchar(140),
`address_line_1` varchar(140),
`address_line_2` varchar(140),
`pincode` varchar(140),
`city` varchar(140),
`state` varchar(140),
`country` varchar(140),
`_user_tags` text,
`_comments` text,
`_assign` text,
`_liked_by` text,
index creation(creation),
index modified(modified))
			ENGINE=InnoDB
			ROW_FORMAT=DYNAMIC
			CHARACTER SET=utf8mb4
			COLLATE=utf8mb4_unicode_ci
2025-05-27 08:57:25,148 WARNING database DDL Query made to DB:
create table `tabStudent Group` (
			name varchar(140) primary key,
			creation datetime(6),
			modified datetime(6),
			modified_by varchar(140),
			owner varchar(140),
			docstatus tinyint not null default '0',
			idx int not null default '0',
			`academic_year` varchar(140),
`group_based_on` varchar(140),
`student_group_name` varchar(140) UNIQUE,
`max_strength` int NOT NULL DEFAULT 0,
`academic_term` varchar(140),
`program` varchar(140),
`batch` varchar(140),
`student_category` varchar(140),
`course` varchar(140),
`disabled` tinyint NOT NULL DEFAULT 0,
`_user_tags` text,
`_comments` text,
`_assign` text,
`_liked_by` text,
index creation(creation),
index modified(modified))
			ENGINE=InnoDB
			ROW_FORMAT=DYNAMIC
			CHARACTER SET=utf8mb4
			COLLATE=utf8mb4_unicode_ci
2025-05-27 08:57:25,318 WARNING database DDL Query made to DB:
create table `tabStudent Log` (
			name varchar(140) primary key,
			creation datetime(6),
			modified datetime(6),
			modified_by varchar(140),
			owner varchar(140),
			docstatus tinyint not null default '0',
			idx int not null default '0',
			`student` varchar(140),
`student_name` varchar(140),
`type` varchar(140),
`date` date,
`academic_year` varchar(140),
`academic_term` varchar(140),
`program` varchar(140),
`student_batch` varchar(140),
`log` longtext,
`_user_tags` text,
`_comments` text,
`_assign` text,
`_liked_by` text,
`_seen` text,
index creation(creation),
index modified(modified))
			ENGINE=InnoDB
			ROW_FORMAT=DYNAMIC
			CHARACTER SET=utf8mb4
			COLLATE=utf8mb4_unicode_ci
2025-05-27 08:57:25,624 WARNING database DDL Query made to DB:
create table `tabFee Schedule` (
			name varchar(140) primary key,
			creation datetime(6),
			modified datetime(6),
			modified_by varchar(140),
			owner varchar(140),
			docstatus tinyint not null default '0',
			idx int not null default '0',
			`fee_structure` varchar(140),
`posting_date` date,
`due_date` date,
`naming_series` varchar(140),
`send_email` tinyint NOT NULL DEFAULT 0,
`student_category` varchar(140),
`program` varchar(140),
`academic_year` varchar(140),
`academic_term` varchar(140),
`currency` varchar(140),
`total_amount` decimal(21,9) NOT NULL DEFAULT 0.0,
`grand_total` decimal(21,9) NOT NULL DEFAULT 0.0,
`grand_total_in_words` varchar(240),
`letter_head` varchar(140),
`select_print_heading` varchar(140),
`receivable_account` varchar(140),
`company` varchar(140),
`amended_from` varchar(140),
`cost_center` varchar(140),
`error_log` text,
`status` varchar(30),
`_user_tags` text,
`_comments` text,
`_assign` text,
`_liked_by` text,
index creation(creation),
index modified(modified))
			ENGINE=InnoDB
			ROW_FORMAT=DYNAMIC
			CHARACTER SET=utf8mb4
			COLLATE=utf8mb4_unicode_ci
2025-05-27 08:57:25,766 WARNING database DDL Query made to DB:
create table `tabGuardian Interest` (
			name varchar(140) primary key,
			creation datetime(6),
			modified datetime(6),
			modified_by varchar(140),
			owner varchar(140),
			docstatus tinyint not null default '0',
			idx int not null default '0',
			`interest` varchar(140),
parent varchar(140),
parentfield varchar(140),
parenttype varchar(140),
index parent(parent))
			ENGINE=InnoDB
			ROW_FORMAT=DYNAMIC
			CHARACTER SET=utf8mb4
			COLLATE=utf8mb4_unicode_ci
2025-05-27 08:57:25,906 WARNING database DDL Query made to DB:
create table `tabInstructor Log` (
			name varchar(140) primary key,
			creation datetime(6),
			modified datetime(6),
			modified_by varchar(140),
			owner varchar(140),
			docstatus tinyint not null default '0',
			idx int not null default '0',
			`academic_year` varchar(140),
`academic_term` varchar(140),
`department` varchar(140),
`program` varchar(140),
`course` varchar(140),
`student_group` varchar(140),
`other_details` text,
parent varchar(140),
parentfield varchar(140),
parenttype varchar(140),
index parent(parent))
			ENGINE=InnoDB
			ROW_FORMAT=DYNAMIC
			CHARACTER SET=utf8mb4
			COLLATE=utf8mb4_unicode_ci
2025-05-27 08:57:26,029 WARNING database DDL Query made to DB:
create table `tabTopic` (
			name varchar(140) primary key,
			creation datetime(6),
			modified datetime(6),
			modified_by varchar(140),
			owner varchar(140),
			docstatus tinyint not null default '0',
			idx int not null default '0',
			`topic_name` varchar(140) UNIQUE,
`description` text,
`hero_image` text,
`_user_tags` text,
`_comments` text,
`_assign` text,
`_liked_by` text,
index creation(creation),
index modified(modified))
			ENGINE=InnoDB
			ROW_FORMAT=DYNAMIC
			CHARACTER SET=utf8mb4
			COLLATE=utf8mb4_unicode_ci
2025-05-27 08:57:26,199 WARNING database DDL Query made to DB:
create table `tabFee Category` (
			name varchar(140) primary key,
			creation datetime(6),
			modified datetime(6),
			modified_by varchar(140),
			owner varchar(140),
			docstatus tinyint not null default '0',
			idx int not null default '0',
			`category_name` varchar(140) UNIQUE,
`description` text,
`item` varchar(140),
`_user_tags` text,
`_comments` text,
`_assign` text,
`_liked_by` text,
index creation(creation),
index modified(modified))
			ENGINE=InnoDB
			ROW_FORMAT=DYNAMIC
			CHARACTER SET=utf8mb4
			COLLATE=utf8mb4_unicode_ci
2025-05-27 08:57:26,348 WARNING database DDL Query made to DB:
create table `tabTopic Content` (
			name varchar(140) primary key,
			creation datetime(6),
			modified datetime(6),
			modified_by varchar(140),
			owner varchar(140),
			docstatus tinyint not null default '0',
			idx int not null default '0',
			`content_type` varchar(140),
`content` varchar(140),
parent varchar(140),
parentfield varchar(140),
parenttype varchar(140),
index parent(parent))
			ENGINE=InnoDB
			ROW_FORMAT=DYNAMIC
			CHARACTER SET=utf8mb4
			COLLATE=utf8mb4_unicode_ci
2025-05-27 08:57:26,463 WARNING database DDL Query made to DB:
create table `tabRoom` (
			name varchar(140) primary key,
			creation datetime(6),
			modified datetime(6),
			modified_by varchar(140),
			owner varchar(140),
			docstatus tinyint not null default '0',
			idx int not null default '0',
			`room_name` varchar(140),
`room_number` varchar(140),
`seating_capacity` varchar(140),
`_user_tags` text,
`_comments` text,
`_assign` text,
`_liked_by` text,
index creation(creation),
index modified(modified))
			ENGINE=InnoDB
			ROW_FORMAT=DYNAMIC
			CHARACTER SET=utf8mb4
			COLLATE=utf8mb4_unicode_ci
2025-05-27 08:57:26,595 WARNING database DDL Query made to DB:
create table `tabCourse Topic` (
			name varchar(140) primary key,
			creation datetime(6),
			modified datetime(6),
			modified_by varchar(140),
			owner varchar(140),
			docstatus tinyint not null default '0',
			idx int not null default '0',
			`topic` varchar(140),
`topic_name` varchar(140),
parent varchar(140),
parentfield varchar(140),
parenttype varchar(140),
index parent(parent))
			ENGINE=InnoDB
			ROW_FORMAT=DYNAMIC
			CHARACTER SET=utf8mb4
			COLLATE=utf8mb4_unicode_ci
2025-05-27 08:57:26,722 WARNING database DDL Query made to DB:
create table `tabCourse Activity` (
			name varchar(140) primary key,
			creation datetime(6),
			modified datetime(6),
			modified_by varchar(140),
			owner varchar(140),
			docstatus tinyint not null default '0',
			idx int not null default '0',
			`enrollment` varchar(140),
`course` varchar(140),
`student` varchar(140),
`content_type` varchar(140),
`content` varchar(140),
`activity_date` datetime(6),
`_user_tags` text,
`_comments` text,
`_assign` text,
`_liked_by` text,
index creation(creation),
index modified(modified))
			ENGINE=InnoDB
			ROW_FORMAT=DYNAMIC
			CHARACTER SET=utf8mb4
			COLLATE=utf8mb4_unicode_ci
2025-05-27 08:57:26,857 WARNING database DDL Query made to DB:
create table `tabStudent Admission Program` (
			name varchar(140) primary key,
			creation datetime(6),
			modified datetime(6),
			modified_by varchar(140),
			owner varchar(140),
			docstatus tinyint not null default '0',
			idx int not null default '0',
			`program` varchar(140),
`min_age` int NOT NULL DEFAULT 0,
`max_age` int NOT NULL DEFAULT 0,
`description` text,
`application_fee` decimal(21,9) NOT NULL DEFAULT 0.0,
`applicant_naming_series` varchar(140),
parent varchar(140),
parentfield varchar(140),
parenttype varchar(140),
index parent(parent))
			ENGINE=InnoDB
			ROW_FORMAT=DYNAMIC
			CHARACTER SET=utf8mb4
			COLLATE=utf8mb4_unicode_ci
2025-05-27 08:57:26,970 WARNING database DDL Query made to DB:
create table `tabStudent Category` (
			name varchar(140) primary key,
			creation datetime(6),
			modified datetime(6),
			modified_by varchar(140),
			owner varchar(140),
			docstatus tinyint not null default '0',
			idx int not null default '0',
			`category` varchar(140) UNIQUE,
`_user_tags` text,
`_comments` text,
`_assign` text,
`_liked_by` text,
index creation(creation),
index modified(modified))
			ENGINE=InnoDB
			ROW_FORMAT=DYNAMIC
			CHARACTER SET=utf8mb4
			COLLATE=utf8mb4_unicode_ci
2025-05-27 08:57:27,208 WARNING database DDL Query made to DB:
create table `tabStudent Applicant` (
			name varchar(140) primary key,
			creation datetime(6),
			modified datetime(6),
			modified_by varchar(140),
			owner varchar(140),
			docstatus tinyint not null default '0',
			idx int not null default '0',
			`first_name` varchar(140),
`middle_name` varchar(140),
`last_name` varchar(140),
`naming_series` varchar(140),
`application_date` date,
`application_status` varchar(140),
`program` varchar(140),
`student_email_id` varchar(140) UNIQUE,
`student_admission` varchar(140),
`student_category` varchar(140),
`image` text,
`academic_year` varchar(140),
`academic_term` varchar(140),
`paid` tinyint NOT NULL DEFAULT 0,
`title` varchar(140),
`amended_from` varchar(140),
`date_of_birth` date,
`gender` varchar(140),
`blood_group` varchar(140),
`student_mobile_number` varchar(140),
`nationality` varchar(140),
`address_line_1` varchar(140),
`address_line_2` varchar(140),
`city` varchar(140),
`state` varchar(140),
`pincode` varchar(140),
`country` varchar(140),
`_user_tags` text,
`_comments` text,
`_assign` text,
`_liked_by` text,
index creation(creation),
index modified(modified))
			ENGINE=InnoDB
			ROW_FORMAT=DYNAMIC
			CHARACTER SET=utf8mb4
			COLLATE=utf8mb4_unicode_ci
2025-05-27 08:57:27,371 WARNING database DDL Query made to DB:
create table `tabAssessment Result Detail` (
			name varchar(140) primary key,
			creation datetime(6),
			modified datetime(6),
			modified_by varchar(140),
			owner varchar(140),
			docstatus tinyint not null default '0',
			idx int not null default '0',
			`assessment_criteria` varchar(140),
`maximum_score` decimal(21,9) NOT NULL DEFAULT 0.0,
`score` decimal(21,9) NOT NULL DEFAULT 0.0,
`grade` varchar(140),
parent varchar(140),
parentfield varchar(140),
parenttype varchar(140),
index parent(parent))
			ENGINE=InnoDB
			ROW_FORMAT=DYNAMIC
			CHARACTER SET=utf8mb4
			COLLATE=utf8mb4_unicode_ci
2025-05-27 08:57:27,520 WARNING database DDL Query made to DB:
create table `tabAcademic Term` (
			name varchar(140) primary key,
			creation datetime(6),
			modified datetime(6),
			modified_by varchar(140),
			owner varchar(140),
			docstatus tinyint not null default '0',
			idx int not null default '0',
			`academic_year` varchar(140),
`term_name` varchar(140),
`term_start_date` date,
`term_end_date` date,
`title` varchar(140) UNIQUE,
`_user_tags` text,
`_comments` text,
`_assign` text,
`_liked_by` text,
index `term_start_date`(`term_start_date`),
index `term_end_date`(`term_end_date`),
index creation(creation))
			ENGINE=InnoDB
			ROW_FORMAT=DYNAMIC
			CHARACTER SET=utf8mb4
			COLLATE=utf8mb4_unicode_ci
2025-05-27 08:57:27,829 WARNING database DDL Query made to DB:
create table `tabArticle` (
			name varchar(140) primary key,
			creation datetime(6),
			modified datetime(6),
			modified_by varchar(140),
			owner varchar(140),
			docstatus tinyint not null default '0',
			idx int not null default '0',
			`title` varchar(140) UNIQUE,
`author` varchar(140),
`content` longtext,
`publish_date` date,
`_user_tags` text,
`_comments` text,
`_assign` text,
`_liked_by` text,
index creation(creation),
index modified(modified))
			ENGINE=InnoDB
			ROW_FORMAT=DYNAMIC
			CHARACTER SET=utf8mb4
			COLLATE=utf8mb4_unicode_ci
2025-05-27 08:57:28,001 WARNING database DDL Query made to DB:
create table `tabFee Component` (
			name varchar(140) primary key,
			creation datetime(6),
			modified datetime(6),
			modified_by varchar(140),
			owner varchar(140),
			docstatus tinyint not null default '0',
			idx int not null default '0',
			`fees_category` varchar(140),
`description` text,
`amount` decimal(21,9) NOT NULL DEFAULT 0.0,
`item` varchar(140),
`discount` decimal(21,9) NOT NULL DEFAULT 0.0,
`total` decimal(21,9) NOT NULL DEFAULT 0.0,
parent varchar(140),
parentfield varchar(140),
parenttype varchar(140),
index parent(parent))
			ENGINE=InnoDB
			ROW_FORMAT=DYNAMIC
			CHARACTER SET=utf8mb4
			COLLATE=utf8mb4_unicode_ci
2025-05-27 08:57:28,304 WARNING database DDL Query made to DB:
create table `tabCourse Assessment Criteria` (
			name varchar(140) primary key,
			creation datetime(6),
			modified datetime(6),
			modified_by varchar(140),
			owner varchar(140),
			docstatus tinyint not null default '0',
			idx int not null default '0',
			`assessment_criteria` varchar(140),
`weightage` decimal(21,9) NOT NULL DEFAULT 0.0,
parent varchar(140),
parentfield varchar(140),
parenttype varchar(140),
index parent(parent))
			ENGINE=InnoDB
			ROW_FORMAT=DYNAMIC
			CHARACTER SET=utf8mb4
			COLLATE=utf8mb4_unicode_ci
2025-05-27 08:57:28,478 WARNING database DDL Query made to DB:
create table `tabCourse Enrollment` (
			name varchar(140) primary key,
			creation datetime(6),
			modified datetime(6),
			modified_by varchar(140),
			owner varchar(140),
			docstatus tinyint not null default '0',
			idx int not null default '0',
			`program_enrollment` varchar(140),
`program` varchar(140),
`enrollment_date` date,
`course` varchar(140),
`student` varchar(140),
`student_name` varchar(140),
`_user_tags` text,
`_comments` text,
`_assign` text,
`_liked_by` text,
index creation(creation),
index modified(modified))
			ENGINE=InnoDB
			ROW_FORMAT=DYNAMIC
			CHARACTER SET=utf8mb4
			COLLATE=utf8mb4_unicode_ci
2025-05-27 08:57:28,615 WARNING database DDL Query made to DB:
create table `tabQuestion` (
			name varchar(140) primary key,
			creation datetime(6),
			modified datetime(6),
			modified_by varchar(140),
			owner varchar(140),
			docstatus tinyint not null default '0',
			idx int not null default '0',
			`question` longtext,
`question_type` varchar(140),
`_user_tags` text,
`_comments` text,
`_assign` text,
`_liked_by` text,
index creation(creation),
index modified(modified))
			ENGINE=InnoDB
			ROW_FORMAT=DYNAMIC
			CHARACTER SET=utf8mb4
			COLLATE=utf8mb4_unicode_ci
2025-05-27 08:57:28,899 WARNING database DDL Query made to DB:
create table `tabFees` (
			name varchar(140) primary key,
			creation datetime(6),
			modified datetime(6),
			modified_by varchar(140),
			owner varchar(140),
			docstatus tinyint not null default '0',
			idx int not null default '0',
			`naming_series` varchar(140),
`student` varchar(140),
`student_name` varchar(140),
`include_payment` tinyint NOT NULL DEFAULT 0,
`send_payment_request` tinyint NOT NULL DEFAULT 0,
`company` varchar(140),
`posting_date` date,
`posting_time` time(6),
`due_date` date,
`set_posting_time` tinyint NOT NULL DEFAULT 0,
`program_enrollment` varchar(140),
`program` varchar(140),
`academic_year` varchar(140),
`academic_term` varchar(140),
`fee_structure` varchar(140),
`fee_schedule` varchar(140),
`currency` varchar(140),
`amended_from` varchar(140),
`grand_total` decimal(21,9) NOT NULL DEFAULT 0.0,
`grand_total_in_words` varchar(240),
`outstanding_amount` decimal(21,9) NOT NULL DEFAULT 0.0,
`contact_email` varchar(140),
`student_category` varchar(140),
`student_batch` varchar(140),
`receivable_account` varchar(140),
`income_account` varchar(140),
`cost_center` varchar(140),
`letter_head` varchar(140),
`select_print_heading` varchar(140),
`_user_tags` text,
`_comments` text,
`_assign` text,
`_liked_by` text,
index `posting_date`(`posting_date`),
index creation(creation),
index modified(modified))
			ENGINE=InnoDB
			ROW_FORMAT=DYNAMIC
			CHARACTER SET=utf8mb4
			COLLATE=utf8mb4_unicode_ci
2025-05-27 08:57:29,117 WARNING database DDL Query made to DB:
create table `tabStudent Leave Application` (
			name varchar(140) primary key,
			creation datetime(6),
			modified datetime(6),
			modified_by varchar(140),
			owner varchar(140),
			docstatus tinyint not null default '0',
			idx int not null default '0',
			`student` varchar(140),
`student_name` varchar(140),
`from_date` date,
`to_date` date,
`total_leave_days` decimal(21,9) NOT NULL DEFAULT 0.0,
`attendance_based_on` varchar(140) DEFAULT 'Student Group',
`student_group` varchar(140),
`course_schedule` varchar(140),
`mark_as_present` tinyint NOT NULL DEFAULT 0,
`reason` text,
`amended_from` varchar(140),
`_user_tags` text,
`_comments` text,
`_assign` text,
`_liked_by` text,
index creation(creation),
index modified(modified))
			ENGINE=InnoDB
			ROW_FORMAT=DYNAMIC
			CHARACTER SET=utf8mb4
			COLLATE=utf8mb4_unicode_ci
2025-05-27 08:57:29,311 WARNING database DDL Query made to DB:
create table `tabQuiz Activity` (
			name varchar(140) primary key,
			creation datetime(6),
			modified datetime(6),
			modified_by varchar(140),
			owner varchar(140),
			docstatus tinyint not null default '0',
			idx int not null default '0',
			`enrollment` varchar(140),
`student` varchar(140),
`course` varchar(140),
`quiz` varchar(140),
`status` varchar(140),
`activity_date` varchar(140),
`score` varchar(140),
`time_taken` decimal(21,9),
`_user_tags` text,
`_comments` text,
`_assign` text,
`_liked_by` text,
index creation(creation),
index modified(modified))
			ENGINE=InnoDB
			ROW_FORMAT=DYNAMIC
			CHARACTER SET=utf8mb4
			COLLATE=utf8mb4_unicode_ci
2025-05-27 08:57:29,480 WARNING database DDL Query made to DB:
create table `tabInstructor` (
			name varchar(140) primary key,
			creation datetime(6),
			modified datetime(6),
			modified_by varchar(140),
			owner varchar(140),
			docstatus tinyint not null default '0',
			idx int not null default '0',
			`instructor_name` varchar(140),
`employee` varchar(140),
`gender` varchar(140),
`status` varchar(140) DEFAULT 'Active',
`naming_series` varchar(140),
`department` varchar(140),
`image` text,
`_user_tags` text,
`_comments` text,
`_assign` text,
`_liked_by` text,
index creation(creation),
index modified(modified))
			ENGINE=InnoDB
			ROW_FORMAT=DYNAMIC
			CHARACTER SET=utf8mb4
			COLLATE=utf8mb4_unicode_ci
2025-05-27 08:57:33,900 WARNING database DDL Query made to DB:
ALTER TABLE `tabSales Order` ADD COLUMN `student` varchar(140), ADD COLUMN `fee_schedule` varchar(140)
2025-05-27 08:57:33,931 WARNING database DDL Query made to DB:
ALTER TABLE `tabSales Order` MODIFY `has_unit_price_items` tinyint NOT NULL DEFAULT 0, MODIFY `discount_amount` decimal(21,9) NOT NULL DEFAULT 0.0, MODIFY `total_net_weight` decimal(21,9) NOT NULL DEFAULT 0.0, MODIFY `disable_rounded_total` tinyint NOT NULL DEFAULT 0, MODIFY `net_total` decimal(21,9) NOT NULL DEFAULT 0.0, MODIFY `total_commission` decimal(21,9) NOT NULL DEFAULT 0.0, MODIFY `loyalty_points` int NOT NULL DEFAULT 0, MODIFY `loyalty_amount` decimal(21,9) NOT NULL DEFAULT 0.0, MODIFY `total_taxes_and_charges` decimal(21,9) NOT NULL DEFAULT 0.0, MODIFY `base_total_taxes_and_charges` decimal(21,9) NOT NULL DEFAULT 0.0, MODIFY `conversion_rate` decimal(21,9) NOT NULL DEFAULT 0.0, MODIFY `amount_eligible_for_commission` decimal(21,9) NOT NULL DEFAULT 0.0, MODIFY `reserve_stock` tinyint NOT NULL DEFAULT 0, MODIFY `base_rounded_total` decimal(21,9) NOT NULL DEFAULT 0.0, MODIFY `ignore_pricing_rule` tinyint NOT NULL DEFAULT 0, MODIFY `per_delivered` decimal(21,9) NOT NULL DEFAULT 0.0, MODIFY `grand_total` decimal(21,9) NOT NULL DEFAULT 0.0, MODIFY `commission_rate` decimal(21,9) NOT NULL DEFAULT 0.0, MODIFY `total_qty` decimal(21,9) NOT NULL DEFAULT 0.0, MODIFY `rounding_adjustment` decimal(21,9) NOT NULL DEFAULT 0.0, MODIFY `advance_paid` decimal(21,9) NOT NULL DEFAULT 0.0, MODIFY `skip_delivery_note` tinyint NOT NULL DEFAULT 0, MODIFY `additional_discount_percentage` decimal(21,9) NOT NULL DEFAULT 0.0, MODIFY `rounded_total` decimal(21,9) NOT NULL DEFAULT 0.0, MODIFY `base_grand_total` decimal(21,9) NOT NULL DEFAULT 0.0, MODIFY `per_billed` decimal(21,9) NOT NULL DEFAULT 0.0, MODIFY `base_net_total` decimal(21,9) NOT NULL DEFAULT 0.0, MODIFY `plc_conversion_rate` decimal(21,9) NOT NULL DEFAULT 0.0, MODIFY `base_discount_amount` decimal(21,9) NOT NULL DEFAULT 0.0, MODIFY `base_rounding_adjustment` decimal(21,9) NOT NULL DEFAULT 0.0, MODIFY `per_picked` decimal(21,9) NOT NULL DEFAULT 0.0, MODIFY `total` decimal(21,9) NOT NULL DEFAULT 0.0, MODIFY `is_internal_customer` tinyint NOT NULL DEFAULT 0, MODIFY `group_same_items` tinyint NOT NULL DEFAULT 0, MODIFY `base_total` decimal(21,9) NOT NULL DEFAULT 0.0
2025-05-27 08:57:34,122 WARNING database DDL Query made to DB:
ALTER TABLE `tabSales Invoice` ADD COLUMN `student` varchar(140), ADD COLUMN `fee_schedule` varchar(140)
2025-05-27 08:57:34,151 WARNING database DDL Query made to DB:
ALTER TABLE `tabSales Invoice` MODIFY `total_commission` decimal(21,9) NOT NULL DEFAULT 0.0, MODIFY `plc_conversion_rate` decimal(21,9) NOT NULL DEFAULT 0.0, MODIFY `amount_eligible_for_commission` decimal(21,9) NOT NULL DEFAULT 0.0, MODIFY `update_billed_amount_in_delivery_note` tinyint NOT NULL DEFAULT 1, MODIFY `total_billing_amount` decimal(21,9) NOT NULL DEFAULT 0.0, MODIFY `is_debit_note` tinyint NOT NULL DEFAULT 0, MODIFY `ignore_default_payment_terms_template` tinyint NOT NULL DEFAULT 0, MODIFY `grand_total` decimal(21,9) NOT NULL DEFAULT 0.0, MODIFY `allocate_advances_automatically` tinyint NOT NULL DEFAULT 0, MODIFY `ignore_pricing_rule` tinyint NOT NULL DEFAULT 0, MODIFY `total_taxes_and_charges` decimal(21,9) NOT NULL DEFAULT 0.0, MODIFY `use_company_roundoff_cost_center` tinyint NOT NULL DEFAULT 0, MODIFY `is_cash_or_non_trade_discount` tinyint NOT NULL DEFAULT 0, MODIFY `discount_amount` decimal(21,9) NOT NULL DEFAULT 0.0, MODIFY `disable_rounded_total` tinyint NOT NULL DEFAULT 0, MODIFY `rounding_adjustment` decimal(21,9) NOT NULL DEFAULT 0.0, MODIFY `change_amount` decimal(21,9) NOT NULL DEFAULT 0.0, MODIFY `is_consolidated` tinyint NOT NULL DEFAULT 0, MODIFY `loyalty_points` int NOT NULL DEFAULT 0, MODIFY `is_return` tinyint NOT NULL DEFAULT 0, MODIFY `group_same_items` tinyint NOT NULL DEFAULT 0, MODIFY `total_billing_hours` decimal(21,9) NOT NULL DEFAULT 0.0, MODIFY `base_write_off_amount` decimal(21,9) NOT NULL DEFAULT 0.0, MODIFY `is_pos` tinyint NOT NULL DEFAULT 0, MODIFY `redeem_loyalty_points` tinyint NOT NULL DEFAULT 0, MODIFY `is_internal_customer` tinyint NOT NULL DEFAULT 0, MODIFY `write_off_amount` decimal(21,9) NOT NULL DEFAULT 0.0, MODIFY `base_rounded_total` decimal(21,9) NOT NULL DEFAULT 0.0, MODIFY `is_created_using_pos` tinyint NOT NULL DEFAULT 0, MODIFY `update_outstanding_for_self` tinyint NOT NULL DEFAULT 1, MODIFY `update_stock` tinyint NOT NULL DEFAULT 0, MODIFY `base_total` decimal(21,9) NOT NULL DEFAULT 0.0, MODIFY `base_paid_amount` decimal(21,9) NOT NULL DEFAULT 0.0, MODIFY `base_net_total` decimal(21,9) NOT NULL DEFAULT 0.0, MODIFY `update_billed_amount_in_sales_order` tinyint NOT NULL DEFAULT 0, MODIFY `loyalty_amount` decimal(21,9) NOT NULL DEFAULT 0.0, MODIFY `base_discount_amount` decimal(21,9) NOT NULL DEFAULT 0.0, MODIFY `rounded_total` decimal(21,9) NOT NULL DEFAULT 0.0, MODIFY `outstanding_amount` decimal(21,9) NOT NULL DEFAULT 0.0, MODIFY `additional_discount_percentage` decimal(21,9) NOT NULL DEFAULT 0.0, MODIFY `commission_rate` decimal(21,9) NOT NULL DEFAULT 0.0, MODIFY `dont_create_loyalty_points` tinyint NOT NULL DEFAULT 0, MODIFY `conversion_rate` decimal(21,9) NOT NULL DEFAULT 0.0, MODIFY `total` decimal(21,9) NOT NULL DEFAULT 0.0, MODIFY `base_rounding_adjustment` decimal(21,9) NOT NULL DEFAULT 0.0, MODIFY `write_off_outstanding_amount_automatically` tinyint NOT NULL DEFAULT 0, MODIFY `paid_amount` decimal(21,9) NOT NULL DEFAULT 0.0, MODIFY `net_total` decimal(21,9) NOT NULL DEFAULT 0.0, MODIFY `is_discounted` tinyint NOT NULL DEFAULT 0, MODIFY `total_advance` decimal(21,9) NOT NULL DEFAULT 0.0, MODIFY `only_include_allocated_payments` tinyint NOT NULL DEFAULT 0, MODIFY `base_change_amount` decimal(21,9) NOT NULL DEFAULT 0.0, MODIFY `total_qty` decimal(21,9) NOT NULL DEFAULT 0.0, MODIFY `total_net_weight` decimal(21,9) NOT NULL DEFAULT 0.0, MODIFY `set_posting_time` tinyint NOT NULL DEFAULT 0, MODIFY `base_total_taxes_and_charges` decimal(21,9) NOT NULL DEFAULT 0.0, MODIFY `base_grand_total` decimal(21,9) NOT NULL DEFAULT 0.0
2025-05-27 10:08:26,976 WARNING database DDL Query made to DB:
ALTER TABLE `tabIntern` ADD COLUMN `employee` varchar(140)
2025-05-27 10:18:02,037 WARNING database DDL Query made to DB:
ALTER TABLE `tabIntern Activities` ADD COLUMN `projects` varchar(140)
2025-05-27 15:04:24,982 WARNING database DDL Query made to DB:
ALTER TABLE `tabIntern` ADD COLUMN `profile_photo` text
2025-05-27 15:07:38,807 WARNING database DDL Query made to DB:
ALTER TABLE `tabUniversities` ADD COLUMN `name1` varchar(140), ADD COLUMN `location` varchar(140), ADD COLUMN `type` varchar(140)
2025-05-27 15:11:32,532 WARNING database DDL Query made to DB:
ALTER TABLE `tabUniversities` ADD COLUMN `phone_number` varchar(140), ADD COLUMN `email` varchar(140), ADD COLUMN `website` varchar(140)
2025-05-27 15:14:27,294 WARNING database DDL Query made to DB:
alter table `tabIntern Activities` add column if not exists parent varchar(140)
2025-05-27 15:14:27,337 WARNING database DDL Query made to DB:
alter table `tabIntern Activities` add column if not exists parenttype varchar(140)
2025-05-27 15:14:27,371 WARNING database DDL Query made to DB:
alter table `tabIntern Activities` add column if not exists parentfield varchar(140)
2025-05-27 15:19:24,890 WARNING database DDL Query made to DB:
create table `tabIntern Project` (
			name varchar(140) primary key,
			creation datetime(6),
			modified datetime(6),
			modified_by varchar(140),
			owner varchar(140),
			docstatus tinyint not null default '0',
			idx int not null default '0',
			`_user_tags` text,
`_comments` text,
`_assign` text,
`_liked_by` text,
index creation(creation))
			ENGINE=InnoDB
			ROW_FORMAT=DYNAMIC
			CHARACTER SET=utf8mb4
			COLLATE=utf8mb4_unicode_ci
2025-05-27 15:26:16,690 WARNING database DDL Query made to DB:
ALTER TABLE `tabIntern Project` ADD COLUMN `name1` varchar(140), ADD COLUMN `description` text, ADD COLUMN `start_date` date, ADD COLUMN `end_date` date, ADD COLUMN `codes` varchar(140)
2025-05-27 15:27:46,334 WARNING database DDL Query made to DB:
ALTER TABLE `tabIntern Project` ADD COLUMN `departments` varchar(140)
2025-05-27 15:30:01,149 WARNING database DDL Query made to DB:
alter table `tabIntern Activities` add column if not exists parent varchar(140)
2025-05-27 15:30:01,150 WARNING database DDL Query made to DB:
alter table `tabIntern Activities` add column if not exists parenttype varchar(140)
2025-05-27 15:30:01,152 WARNING database DDL Query made to DB:
alter table `tabIntern Activities` add column if not exists parentfield varchar(140)
2025-05-27 15:32:21,937 WARNING database DDL Query made to DB:
ALTER TABLE `tabDepartments` ADD COLUMN `supervisor` varchar(140), ADD COLUMN `project` varchar(140)
2025-05-27 15:34:50,899 WARNING database DDL Query made to DB:
ALTER TABLE `tabIntern` ADD COLUMN `lecturers_name` varchar(140), ADD COLUMN `lecturers_contact` varchar(140)
2025-05-27 15:39:14,968 WARNING database DDL Query made to DB:
ALTER TABLE `tabIntern` ADD COLUMN `volunteer_status` varchar(140)
2025-05-27 16:12:41,540 WARNING database DDL Query made to DB:
ALTER TABLE `tabDepartments` ADD UNIQUE INDEX IF NOT EXISTS department (`department`)
2025-05-29 12:10:33,796 WARNING database DDL Query made to DB:
ALTER TABLE `tabDepartments` ADD COLUMN `request_form` text
2025-05-30 08:30:52,224 WARNING database DDL Query made to DB:
ALTER TABLE `tabIntern` MODIFY `phone_number` varchar(140) DEFAULT '+254'
2025-07-04 13:11:33,517 WARNING database DDL Query made to DB:
ALTER TABLE `tabCourses` ADD COLUMN `name_of_courses` varchar(140) UNIQUE, ADD COLUMN `abbreviation` varchar(140)
2025-07-04 13:11:33,520 WARNING database DDL Query made to DB:
ALTER TABLE `tabCourses` ADD UNIQUE INDEX IF NOT EXISTS name_of_courses (`name_of_courses`)
2025-07-08 09:41:30,830 WARNING database DDL Query made to DB:
ALTER TABLE `tabCourses` ADD COLUMN `name_of_course` varchar(140) UNIQUE
2025-07-08 09:41:30,838 WARNING database DDL Query made to DB:
ALTER TABLE `tabCourses` ADD UNIQUE INDEX IF NOT EXISTS name_of_course (`name_of_course`)
2025-07-14 11:13:30,669 WARNING database DDL Query made to DB:
alter table `tabIntern Activities` add column if not exists parent varchar(140)
2025-07-14 11:13:30,674 WARNING database DDL Query made to DB:
alter table `tabIntern Activities` add column if not exists parenttype varchar(140)
2025-07-14 11:13:30,678 WARNING database DDL Query made to DB:
alter table `tabIntern Activities` add column if not exists parentfield varchar(140)
2025-07-14 11:13:30,877 WARNING database DDL Query made to DB:
ALTER TABLE `tabIntern Activities` ADD COLUMN `skills_acquired` longtext
2025-07-14 11:15:16,949 WARNING database DDL Query made to DB:
alter table `tabIntern Activities` add column if not exists parent varchar(140)
2025-07-14 11:15:16,953 WARNING database DDL Query made to DB:
alter table `tabIntern Activities` add column if not exists parenttype varchar(140)
2025-07-14 11:15:16,957 WARNING database DDL Query made to DB:
alter table `tabIntern Activities` add column if not exists parentfield varchar(140)
2025-07-14 11:15:17,073 WARNING database DDL Query made to DB:
ALTER TABLE `tabIntern Activities` ADD COLUMN `description` longtext
2025-07-14 11:15:47,544 WARNING database DDL Query made to DB:
alter table `tabIntern Activities` add column if not exists parent varchar(140)
2025-07-14 11:15:47,548 WARNING database DDL Query made to DB:
alter table `tabIntern Activities` add column if not exists parenttype varchar(140)
2025-07-14 11:15:47,550 WARNING database DDL Query made to DB:
alter table `tabIntern Activities` add column if not exists parentfield varchar(140)
2025-07-14 11:19:08,994 WARNING database DDL Query made to DB:
ALTER TABLE `tabIntern Activities` ADD UNIQUE INDEX IF NOT EXISTS task (`task`)
